{"chat":{"first_name":"Abhishek","id":1570005528,"last_name":"yadav","type":"private","username":"abhishek0g"},"from":{"first_name":"Abhishek","id":1570005528,"is_bot":false,"language_code":"en","last_name":"yadav","username":"abhishek0g"},"level":"info","message":"Full context object: [object Object]","state":{},"timestamp":"2025-05-25T12:07:46.131Z","update":{"message":{"chat":{"first_name":"Abhishek","id":1570005528,"last_name":"yadav","type":"private","username":"abhishek0g"},"date":1748174865,"entities":[{"length":6,"offset":0,"type":"bot_command"}],"from":{"first_name":"Abhishek","id":1570005528,"is_bot":false,"language_code":"en","last_name":"yadav","username":"abhishek0g"},"message_id":45,"text":"/start"},"update_id":648448461},"updateType":"message"}
{"first_name":"Abhishek","id":1570005528,"is_bot":false,"language_code":"en","last_name":"yadav","level":"info","message":"Start command received from user:","timestamp":"2025-05-25T12:07:46.133Z","username":"abhishek0g"}
{"level":"info","message":"Looking for existing user with tgId:","timestamp":"2025-05-25T12:07:46.133Z"}
{"$__":{"activePaths":{"paths":{"__v":"init","_id":"init","accessType":"init","createdAt":"init","currentGlobalDayId":"init","dailyHighScores":"init","displayName":"init","firstName":"init","freePlaysRemaining":"init","gameHistory":"init","highestScore":"init","invitees":"init","isDisplayGlobal":"init","languageCode":"init","lastActive":"init","lastName":"init","mcPoints":"init","tgId":"init","totalPlayTime":"init","tweetVerifications":"init","tweetVerifiedToday":"init","updatedAt":"init","username":"init"},"states":{"default":{},"init":{"__v":true,"_id":true,"accessType":true,"createdAt":true,"currentGlobalDayId":true,"dailyHighScores":true,"displayName":true,"firstName":true,"freePlaysRemaining":true,"gameHistory":true,"highestScore":true,"invitees":true,"isDisplayGlobal":true,"languageCode":true,"lastActive":true,"lastName":true,"mcPoints":true,"tgId":true,"totalPlayTime":true,"tweetVerifications":true,"tweetVerifiedToday":true,"updatedAt":true,"username":true},"require":{}}},"skipId":true},"$isNew":false,"_doc":{"__v":0,"_id":"682f0b3eb419b0e01f25b3c6","accessType":"free","createdAt":"2025-05-22T11:32:14.597Z","currentGlobalDayId":"683302bc93c751079b5611fe","currentProject":{},"dailyHighScores":[],"displayName":"abhishek0g","firstName":"Abhishek","freePlaysRemaining":10,"gameHistory":[],"highestScore":0,"invitees":[],"isDisplayGlobal":true,"languageCode":"en","lastActive":"2025-05-22T11:32:14.601Z","lastDailyReward":{},"lastName":"yadav","lastTweetVerification":{},"mcPoints":0,"tgId":"1570005528","totalPlayTime":0,"tweetVerifications":[],"tweetVerifiedToday":false,"updatedAt":"2025-05-25T11:45:00.619Z","username":"abhishek0g"},"level":"info","message":"Found existing user:","timestamp":"2025-05-25T12:07:46.161Z"}
{"level":"info","message":"Generating game URL for user:","timestamp":"2025-05-25T12:07:46.162Z"}
{"level":"info","message":"Generated game URL:","timestamp":"2025-05-25T12:07:46.163Z"}
{"level":"info","message":"Sending welcome message","timestamp":"2025-05-25T12:07:46.163Z"}
{"level":"info","message":"Welcome message sent successfully","timestamp":"2025-05-25T12:07:46.658Z"}
{"chat":{"first_name":"Abhishek","id":1570005528,"last_name":"yadav","type":"private","username":"abhishek0g"},"from":{"first_name":"Abhishek","id":1570005528,"is_bot":false,"language_code":"en","last_name":"yadav","username":"abhishek0g"},"level":"info","message":"Full context object: [object Object]","state":{},"timestamp":"2025-05-25T12:12:48.826Z","update":{"message":{"chat":{"first_name":"Abhishek","id":1570005528,"last_name":"yadav","type":"private","username":"abhishek0g"},"date":1748175168,"entities":[{"length":6,"offset":0,"type":"bot_command"}],"from":{"first_name":"Abhishek","id":1570005528,"is_bot":false,"language_code":"en","last_name":"yadav","username":"abhishek0g"},"message_id":47,"text":"/start"},"update_id":648448462},"updateType":"message"}
{"first_name":"Abhishek","id":1570005528,"is_bot":false,"language_code":"en","last_name":"yadav","level":"info","message":"Start command received from user:","timestamp":"2025-05-25T12:12:48.827Z","username":"abhishek0g"}
{"level":"info","message":"Looking for existing user with tgId:","timestamp":"2025-05-25T12:12:48.828Z"}
{"$__":{"activePaths":{"paths":{"__v":"init","_id":"init","accessType":"init","createdAt":"init","currentGlobalDayId":"init","dailyHighScores":"init","displayName":"init","firstName":"init","freePlaysRemaining":"init","gameHistory":"init","highestScore":"init","invitees":"init","isDisplayGlobal":"init","languageCode":"init","lastActive":"init","lastName":"init","mcPoints":"init","tgId":"init","totalPlayTime":"init","tweetVerifications":"init","tweetVerifiedToday":"init","updatedAt":"init","username":"init"},"states":{"default":{},"init":{"__v":true,"_id":true,"accessType":true,"createdAt":true,"currentGlobalDayId":true,"dailyHighScores":true,"displayName":true,"firstName":true,"freePlaysRemaining":true,"gameHistory":true,"highestScore":true,"invitees":true,"isDisplayGlobal":true,"languageCode":true,"lastActive":true,"lastName":true,"mcPoints":true,"tgId":true,"totalPlayTime":true,"tweetVerifications":true,"tweetVerifiedToday":true,"updatedAt":true,"username":true},"require":{}}},"skipId":true},"$isNew":false,"_doc":{"__v":0,"_id":"682f0b3eb419b0e01f25b3c6","accessType":"free","createdAt":"2025-05-22T11:32:14.597Z","currentGlobalDayId":"683302bc93c751079b5611fe","currentProject":{},"dailyHighScores":[],"displayName":"abhishek0g","firstName":"Abhishek","freePlaysRemaining":10,"gameHistory":[],"highestScore":0,"invitees":[],"isDisplayGlobal":true,"languageCode":"en","lastActive":"2025-05-22T11:32:14.601Z","lastDailyReward":{},"lastName":"yadav","lastTweetVerification":{},"mcPoints":0,"tgId":"1570005528","totalPlayTime":0,"tweetVerifications":[],"tweetVerifiedToday":false,"updatedAt":"2025-05-25T11:45:00.619Z","username":"abhishek0g"},"level":"info","message":"Found existing user:","timestamp":"2025-05-25T12:12:48.869Z"}
{"level":"info","message":"Generating game URL for user:","timestamp":"2025-05-25T12:12:48.870Z"}
{"level":"info","message":"Generated game URL:","timestamp":"2025-05-25T12:12:48.872Z"}
{"level":"info","message":"Sending welcome message","timestamp":"2025-05-25T12:12:48.873Z"}
{"level":"info","message":"Welcome message sent successfully","timestamp":"2025-05-25T12:12:49.342Z"}
{"chat":{"first_name":"Abhishek","id":1570005528,"last_name":"yadav","type":"private","username":"abhishek0g"},"from":{"first_name":"Abhishek","id":1570005528,"is_bot":false,"language_code":"en","last_name":"yadav","username":"abhishek0g"},"level":"info","message":"Full context object: [object Object]","state":{},"timestamp":"2025-05-25T12:33:28.032Z","update":{"message":{"chat":{"first_name":"Abhishek","id":1570005528,"last_name":"yadav","type":"private","username":"abhishek0g"},"date":1748176407,"entities":[{"length":6,"offset":0,"type":"bot_command"}],"from":{"first_name":"Abhishek","id":1570005528,"is_bot":false,"language_code":"en","last_name":"yadav","username":"abhishek0g"},"message_id":49,"text":"/start"},"update_id":648448463},"updateType":"message"}
{"first_name":"Abhishek","id":1570005528,"is_bot":false,"language_code":"en","last_name":"yadav","level":"info","message":"Start command received from user:","timestamp":"2025-05-25T12:33:28.033Z","username":"abhishek0g"}
{"level":"info","message":"Looking for existing user with tgId:","timestamp":"2025-05-25T12:33:28.033Z"}
{"$__":{"activePaths":{"paths":{"__v":"init","_id":"init","accessType":"init","createdAt":"init","currentGlobalDayId":"init","dailyHighScores":"init","displayName":"init","firstName":"init","freePlaysRemaining":"init","gameHistory":"init","highestScore":"init","invitees":"init","isDisplayGlobal":"init","languageCode":"init","lastActive":"init","lastName":"init","mcPoints":"init","tgId":"init","totalPlayTime":"init","tweetVerifications":"init","tweetVerifiedToday":"init","updatedAt":"init","username":"init"},"states":{"default":{},"init":{"__v":true,"_id":true,"accessType":true,"createdAt":true,"currentGlobalDayId":true,"dailyHighScores":true,"displayName":true,"firstName":true,"freePlaysRemaining":true,"gameHistory":true,"highestScore":true,"invitees":true,"isDisplayGlobal":true,"languageCode":true,"lastActive":true,"lastName":true,"mcPoints":true,"tgId":true,"totalPlayTime":true,"tweetVerifications":true,"tweetVerifiedToday":true,"updatedAt":true,"username":true},"require":{}}},"skipId":true},"$isNew":false,"_doc":{"__v":0,"_id":"682f0b3eb419b0e01f25b3c6","accessType":"free","createdAt":"2025-05-22T11:32:14.597Z","currentGlobalDayId":"683302bc93c751079b5611fe","currentProject":{},"dailyHighScores":[],"displayName":"abhishek0g","firstName":"Abhishek","freePlaysRemaining":10,"gameHistory":[],"highestScore":0,"invitees":[],"isDisplayGlobal":true,"languageCode":"en","lastActive":"2025-05-22T11:32:14.601Z","lastDailyReward":{},"lastName":"yadav","lastTweetVerification":{},"mcPoints":0,"tgId":"1570005528","totalPlayTime":0,"tweetVerifications":[],"tweetVerifiedToday":false,"updatedAt":"2025-05-25T11:45:00.619Z","username":"abhishek0g"},"level":"info","message":"Found existing user:","timestamp":"2025-05-25T12:33:28.080Z"}
{"level":"info","message":"Generating game URL for user:","timestamp":"2025-05-25T12:33:28.081Z"}
{"level":"info","message":"Generated game URL:","timestamp":"2025-05-25T12:33:28.083Z"}
{"level":"info","message":"Sending welcome message","timestamp":"2025-05-25T12:33:28.083Z"}
{"level":"info","message":"Welcome message sent successfully","timestamp":"2025-05-25T12:33:28.556Z"}
{"level":"info","message":"Connected to MongoDB","timestamp":"2025-05-25T12:50:23.956Z"}
{"level":"info","message":"Global day cron jobs initialized","timestamp":"2025-05-25T12:50:23.979Z"}
{"level":"info","message":"Starting Telegram bot with token:","timestamp":"2025-05-25T12:50:23.980Z"}
{"level":"info","message":"Bot commands initialized","timestamp":"2025-05-25T12:50:25.108Z"}
{"level":"info","message":"Bot handlers initialized","timestamp":"2025-05-25T12:50:25.108Z"}
{"can_connect_to_business":false,"can_join_groups":true,"can_read_all_group_messages":false,"first_name":"SolPump Game","has_main_web_app":false,"id":8143044450,"is_bot":true,"level":"info","message":"Bot info retrieved:","supports_inline_queries":false,"timestamp":"2025-05-25T12:50:25.383Z","username":"Solpump1_bot"}
{"level":"info","message":"Starting bot in polling mode","timestamp":"2025-05-25T12:50:25.384Z"}
{"chat":{"first_name":"Abhishek","id":1570005528,"last_name":"yadav","type":"private","username":"abhishek0g"},"from":{"first_name":"Abhishek","id":1570005528,"is_bot":false,"language_code":"en","last_name":"yadav","username":"abhishek0g"},"level":"info","message":"Full context object: [object Object]","state":{},"timestamp":"2025-05-25T12:50:34.199Z","update":{"message":{"chat":{"first_name":"Abhishek","id":1570005528,"last_name":"yadav","type":"private","username":"abhishek0g"},"date":1748177433,"entities":[{"length":6,"offset":0,"type":"bot_command"}],"from":{"first_name":"Abhishek","id":1570005528,"is_bot":false,"language_code":"en","last_name":"yadav","username":"abhishek0g"},"message_id":51,"text":"/start"},"update_id":648448464},"updateType":"message"}
{"first_name":"Abhishek","id":1570005528,"is_bot":false,"language_code":"en","last_name":"yadav","level":"info","message":"Start command received from user:","timestamp":"2025-05-25T12:50:34.201Z","username":"abhishek0g"}
{"level":"info","message":"Looking for existing user with tgId:","timestamp":"2025-05-25T12:50:34.201Z"}
{"$__":{"activePaths":{"paths":{"__v":"init","_id":"init","accessType":"init","createdAt":"init","currentGlobalDayId":"init","dailyHighScores":"init","displayName":"init","firstName":"init","freePlaysRemaining":"init","gameHistory":"init","highestScore":"init","invitees":"init","isDisplayGlobal":"init","languageCode":"init","lastActive":"init","lastName":"init","mcPoints":"init","tgId":"init","totalPlayTime":"init","tweetVerifications":"init","tweetVerifiedToday":"init","updatedAt":"init","username":"init"},"states":{"default":{},"init":{"__v":true,"_id":true,"accessType":true,"createdAt":true,"currentGlobalDayId":true,"dailyHighScores":true,"displayName":true,"firstName":true,"freePlaysRemaining":true,"gameHistory":true,"highestScore":true,"invitees":true,"isDisplayGlobal":true,"languageCode":true,"lastActive":true,"lastName":true,"mcPoints":true,"tgId":true,"totalPlayTime":true,"tweetVerifications":true,"tweetVerifiedToday":true,"updatedAt":true,"username":true},"require":{}}},"skipId":true},"$isNew":false,"_doc":{"__v":0,"_id":"682f0b3eb419b0e01f25b3c6","accessType":"free","createdAt":"2025-05-22T11:32:14.597Z","currentGlobalDayId":"683302bc93c751079b5611fe","currentProject":{},"dailyHighScores":[],"displayName":"abhishek0g","firstName":"Abhishek","freePlaysRemaining":10,"gameHistory":[],"highestScore":0,"invitees":[],"isDisplayGlobal":true,"languageCode":"en","lastActive":"2025-05-22T11:32:14.601Z","lastDailyReward":{},"lastName":"yadav","lastTweetVerification":{},"mcPoints":0,"tgId":"1570005528","totalPlayTime":0,"tweetVerifications":[],"tweetVerifiedToday":false,"updatedAt":"2025-05-25T11:45:00.619Z","username":"abhishek0g"},"level":"info","message":"Found existing user:","timestamp":"2025-05-25T12:50:34.248Z"}
{"level":"info","message":"Generating game URL for user:","timestamp":"2025-05-25T12:50:34.249Z"}
{"level":"info","message":"Generated game URL:","timestamp":"2025-05-25T12:50:34.251Z"}
{"level":"info","message":"Sending welcome message","timestamp":"2025-05-25T12:50:34.251Z"}
{"level":"info","message":"Welcome message sent successfully","timestamp":"2025-05-25T12:50:34.755Z"}
{"level":"info","message":"Connected to MongoDB","timestamp":"2025-05-25T13:20:31.656Z"}
{"level":"info","message":"Global day cron jobs initialized","timestamp":"2025-05-25T13:20:31.675Z"}
{"level":"info","message":"Starting Telegram bot with token:","timestamp":"2025-05-25T13:20:31.676Z"}
{"level":"info","message":"Bot commands initialized","timestamp":"2025-05-25T13:20:35.230Z"}
{"level":"info","message":"Bot handlers initialized","timestamp":"2025-05-25T13:20:35.231Z"}
{"can_connect_to_business":false,"can_join_groups":true,"can_read_all_group_messages":false,"first_name":"SolPump Game","has_main_web_app":false,"id":8143044450,"is_bot":true,"level":"info","message":"Bot info retrieved:","supports_inline_queries":false,"timestamp":"2025-05-25T13:20:35.747Z","username":"Solpump1_bot"}
{"level":"info","message":"Starting bot in polling mode","timestamp":"2025-05-25T13:20:35.748Z"}
{"chat":{"first_name":"Abhishek","id":1570005528,"last_name":"yadav","type":"private","username":"abhishek0g"},"from":{"first_name":"Abhishek","id":1570005528,"is_bot":false,"language_code":"en","last_name":"yadav","username":"abhishek0g"},"level":"info","message":"Full context object: [object Object]","state":{},"timestamp":"2025-05-25T16:36:05.362Z","update":{"message":{"chat":{"first_name":"Abhishek","id":1570005528,"last_name":"yadav","type":"private","username":"abhishek0g"},"date":1748190965,"entities":[{"length":6,"offset":0,"type":"bot_command"}],"from":{"first_name":"Abhishek","id":1570005528,"is_bot":false,"language_code":"en","last_name":"yadav","username":"abhishek0g"},"message_id":53,"text":"/start"},"update_id":648448465},"updateType":"message"}
{"first_name":"Abhishek","id":1570005528,"is_bot":false,"language_code":"en","last_name":"yadav","level":"info","message":"Start command received from user:","timestamp":"2025-05-25T16:36:05.364Z","username":"abhishek0g"}
{"level":"info","message":"Looking for existing user with tgId:","timestamp":"2025-05-25T16:36:05.364Z"}
{"$__":{"activePaths":{"paths":{"__v":"init","_id":"init","accessType":"init","createdAt":"init","currentGlobalDayId":"init","dailyHighScores":"init","displayName":"init","firstName":"init","freePlaysRemaining":"init","gameHistory":"init","highestScore":"init","invitees":"init","isDisplayGlobal":"init","languageCode":"init","lastActive":"init","lastName":"init","mcPoints":"init","tgId":"init","totalPlayTime":"init","tweetVerifications":"init","tweetVerifiedToday":"init","updatedAt":"init","username":"init"},"states":{"default":{},"init":{"__v":true,"_id":true,"accessType":true,"createdAt":true,"currentGlobalDayId":true,"dailyHighScores":true,"displayName":true,"firstName":true,"freePlaysRemaining":true,"gameHistory":true,"highestScore":true,"invitees":true,"isDisplayGlobal":true,"languageCode":true,"lastActive":true,"lastName":true,"mcPoints":true,"tgId":true,"totalPlayTime":true,"tweetVerifications":true,"tweetVerifiedToday":true,"updatedAt":true,"username":true},"require":{}}},"skipId":true},"$isNew":false,"_doc":{"__v":0,"_id":"682f0b3eb419b0e01f25b3c6","accessType":"free","createdAt":"2025-05-22T11:32:14.597Z","currentGlobalDayId":"683302bc93c751079b5611fe","currentProject":{},"dailyHighScores":[],"displayName":"abhishek0g","firstName":"Abhishek","freePlaysRemaining":10,"gameHistory":[],"highestScore":0,"invitees":[],"isDisplayGlobal":true,"languageCode":"en","lastActive":"2025-05-22T11:32:14.601Z","lastDailyReward":{},"lastName":"yadav","lastTweetVerification":{},"mcPoints":0,"tgId":"1570005528","totalPlayTime":0,"tweetVerifications":[],"tweetVerifiedToday":false,"updatedAt":"2025-05-25T11:45:00.619Z","username":"abhishek0g"},"level":"info","message":"Found existing user:","timestamp":"2025-05-25T16:36:05.430Z"}
{"level":"info","message":"Generating game URL for user:","timestamp":"2025-05-25T16:36:05.430Z"}
{"level":"info","message":"Generated game URL:","timestamp":"2025-05-25T16:36:05.432Z"}
{"level":"info","message":"Sending welcome message","timestamp":"2025-05-25T16:36:05.433Z"}
{"level":"info","message":"Welcome message sent successfully","timestamp":"2025-05-25T16:36:06.040Z"}
{"level":"info","message":"Connected to MongoDB","timestamp":"2025-05-25T16:45:02.731Z"}
{"level":"info","message":"Global day cron jobs initialized","timestamp":"2025-05-25T16:45:02.752Z"}
{"level":"info","message":"Starting Telegram bot with token:","timestamp":"2025-05-25T16:45:02.753Z"}
{"level":"info","message":"Bot commands initialized","timestamp":"2025-05-25T16:45:03.864Z"}
{"level":"info","message":"Bot handlers initialized","timestamp":"2025-05-25T16:45:03.865Z"}
{"can_connect_to_business":false,"can_join_groups":true,"can_read_all_group_messages":false,"first_name":"SolPump Game","has_main_web_app":false,"id":8143044450,"is_bot":true,"level":"info","message":"Bot info retrieved:","supports_inline_queries":false,"timestamp":"2025-05-25T16:45:04.163Z","username":"Solpump1_bot"}
{"level":"info","message":"Starting bot in polling mode","timestamp":"2025-05-25T16:45:04.164Z"}
{"level":"info","message":"Connected to MongoDB","timestamp":"2025-05-25T16:45:41.309Z"}
{"level":"info","message":"Global day cron jobs initialized","timestamp":"2025-05-25T16:45:41.326Z"}
{"level":"info","message":"Starting Telegram bot with token:","timestamp":"2025-05-25T16:45:41.326Z"}
{"level":"info","message":"Bot commands initialized","timestamp":"2025-05-25T16:45:42.414Z"}
{"level":"info","message":"Bot handlers initialized","timestamp":"2025-05-25T16:45:42.415Z"}
{"can_connect_to_business":false,"can_join_groups":true,"can_read_all_group_messages":false,"first_name":"SolPump Game","has_main_web_app":false,"id":8143044450,"is_bot":true,"level":"info","message":"Bot info retrieved:","supports_inline_queries":false,"timestamp":"2025-05-25T16:45:42.767Z","username":"Solpump1_bot"}
{"level":"info","message":"Starting bot in polling mode","timestamp":"2025-05-25T16:45:42.768Z"}
{"level":"info","message":"Connected to MongoDB","timestamp":"2025-05-25T17:35:31.214Z"}
{"level":"info","message":"Global day cron jobs initialized","timestamp":"2025-05-25T17:35:31.232Z"}
{"level":"info","message":"Starting Telegram bot with token:","timestamp":"2025-05-25T17:35:31.233Z"}
{"level":"info","message":"Bot commands initialized","timestamp":"2025-05-25T17:35:32.307Z"}
{"level":"info","message":"Bot handlers initialized","timestamp":"2025-05-25T17:35:32.309Z"}
{"can_connect_to_business":false,"can_join_groups":true,"can_read_all_group_messages":false,"first_name":"SolPump Game","has_main_web_app":false,"id":8143044450,"is_bot":true,"level":"info","message":"Bot info retrieved:","supports_inline_queries":false,"timestamp":"2025-05-25T17:35:32.584Z","username":"Solpump1_bot"}
{"level":"info","message":"Starting bot in polling mode","timestamp":"2025-05-25T17:35:32.585Z"}
{"level":"info","message":"Connected to MongoDB","timestamp":"2025-05-25T17:36:06.593Z"}
{"level":"info","message":"Global day cron jobs initialized","timestamp":"2025-05-25T17:36:06.609Z"}
{"level":"info","message":"Starting Telegram bot with token:","timestamp":"2025-05-25T17:36:06.610Z"}
{"level":"info","message":"Bot commands initialized","timestamp":"2025-05-25T17:36:07.665Z"}
{"level":"info","message":"Bot handlers initialized","timestamp":"2025-05-25T17:36:07.667Z"}
{"can_connect_to_business":false,"can_join_groups":true,"can_read_all_group_messages":false,"first_name":"SolPump Game","has_main_web_app":false,"id":8143044450,"is_bot":true,"level":"info","message":"Bot info retrieved:","supports_inline_queries":false,"timestamp":"2025-05-25T17:36:07.980Z","username":"Solpump1_bot"}
{"level":"info","message":"Starting bot in polling mode","timestamp":"2025-05-25T17:36:07.982Z"}
{"level":"info","message":"Connected to MongoDB","timestamp":"2025-05-25T17:37:43.247Z"}
{"level":"info","message":"Global day cron jobs initialized","timestamp":"2025-05-25T17:37:43.278Z"}
{"level":"info","message":"Starting Telegram bot with token:","timestamp":"2025-05-25T17:37:43.279Z"}
{"level":"info","message":"Bot commands initialized","timestamp":"2025-05-25T17:37:44.454Z"}
{"level":"info","message":"Bot handlers initialized","timestamp":"2025-05-25T17:37:44.455Z"}
{"can_connect_to_business":false,"can_join_groups":true,"can_read_all_group_messages":false,"first_name":"SolPump Game","has_main_web_app":false,"id":8143044450,"is_bot":true,"level":"info","message":"Bot info retrieved:","supports_inline_queries":false,"timestamp":"2025-05-25T17:37:44.740Z","username":"Solpump1_bot"}
{"level":"info","message":"Starting bot in polling mode","timestamp":"2025-05-25T17:37:44.741Z"}
{"level":"info","message":"Connected to MongoDB","timestamp":"2025-05-25T17:40:47.113Z"}
{"level":"info","message":"Global day cron jobs initialized","timestamp":"2025-05-25T17:40:47.130Z"}
{"level":"info","message":"Starting Telegram bot with token:","timestamp":"2025-05-25T17:40:47.132Z"}
{"address":"::","code":"EADDRINUSE","errno":-48,"level":"error","message":"Server error: listen EADDRINUSE: address already in use :::3000","port":3000,"stack":"Error: listen EADDRINUSE: address already in use :::3000\n    at Server.setupListenHandle [as _listen2] (node:net:1908:16)\n    at listenInCluster (node:net:1965:12)\n    at Server.listen (node:net:2067:7)\n    at Function.listen (/Users/abhishek/Documents/sides/Telegram game/solpump/node_modules/express/lib/application.js:635:24)\n    at startServer (/Users/abhishek/Documents/sides/Telegram game/solpump/server.js:58:24)\n    at process.processTicksAndRejections (node:internal/process/task_queues:95:5)","syscall":"listen","timestamp":"2025-05-25T17:40:47.137Z"}
{"level":"info","message":"Bot commands initialized","timestamp":"2025-05-25T17:40:48.145Z"}
{"level":"info","message":"Bot handlers initialized","timestamp":"2025-05-25T17:40:48.146Z"}
{"can_connect_to_business":false,"can_join_groups":true,"can_read_all_group_messages":false,"first_name":"SolPump Game","has_main_web_app":false,"id":8143044450,"is_bot":true,"level":"info","message":"Bot info retrieved:","supports_inline_queries":false,"timestamp":"2025-05-25T17:40:48.446Z","username":"Solpump1_bot"}
{"level":"info","message":"Starting bot in polling mode","timestamp":"2025-05-25T17:40:48.446Z"}
{"level":"info","message":"Connected to MongoDB","timestamp":"2025-05-25T17:43:07.943Z"}
{"level":"info","message":"Global day cron jobs initialized","timestamp":"2025-05-25T17:43:07.959Z"}
{"level":"info","message":"Starting Telegram bot with token:","timestamp":"2025-05-25T17:43:07.960Z"}
{"level":"info","message":"Server running on port 3095","timestamp":"2025-05-25T17:43:07.963Z"}
{"level":"info","message":"Bot commands initialized","timestamp":"2025-05-25T17:43:08.979Z"}
{"level":"info","message":"Bot handlers initialized","timestamp":"2025-05-25T17:43:08.981Z"}
{"can_connect_to_business":false,"can_join_groups":true,"can_read_all_group_messages":false,"first_name":"SolPump Game","has_main_web_app":false,"id":8143044450,"is_bot":true,"level":"info","message":"Bot info retrieved:","supports_inline_queries":false,"timestamp":"2025-05-25T17:43:09.256Z","username":"Solpump1_bot"}
{"level":"info","message":"Starting bot in polling mode","timestamp":"2025-05-25T17:43:09.257Z"}
{"chat":{"first_name":"Abhishek","id":1570005528,"last_name":"yadav","type":"private","username":"abhishek0g"},"from":{"first_name":"Abhishek","id":1570005528,"is_bot":false,"language_code":"en","last_name":"yadav","username":"abhishek0g"},"level":"info","message":"Full context object: [object Object]","state":{},"timestamp":"2025-05-25T17:44:11.278Z","update":{"message":{"chat":{"first_name":"Abhishek","id":1570005528,"last_name":"yadav","type":"private","username":"abhishek0g"},"date":1748195051,"entities":[{"length":6,"offset":0,"type":"bot_command"}],"from":{"first_name":"Abhishek","id":1570005528,"is_bot":false,"language_code":"en","last_name":"yadav","username":"abhishek0g"},"message_id":55,"text":"/start"},"update_id":648448466},"updateType":"message"}
{"first_name":"Abhishek","id":1570005528,"is_bot":false,"language_code":"en","last_name":"yadav","level":"info","message":"Start command received from user:","timestamp":"2025-05-25T17:44:11.281Z","username":"abhishek0g"}
{"level":"info","message":"Looking for existing user with tgId:","timestamp":"2025-05-25T17:44:11.281Z"}
{"$__":{"activePaths":{"paths":{"__v":"init","_id":"init","accessType":"init","createdAt":"init","currentGlobalDayId":"init","dailyHighScores":"init","displayName":"init","firstName":"init","freePlaysRemaining":"init","gameHistory":"init","highestScore":"init","invitees":"init","isDisplayGlobal":"init","languageCode":"init","lastActive":"init","lastName":"init","mcPoints":"init","tgId":"init","totalPlayTime":"init","tweetVerifications":"init","tweetVerifiedToday":"init","updatedAt":"init","username":"init"},"states":{"default":{},"init":{"__v":true,"_id":true,"accessType":true,"createdAt":true,"currentGlobalDayId":true,"dailyHighScores":true,"displayName":true,"firstName":true,"freePlaysRemaining":true,"gameHistory":true,"highestScore":true,"invitees":true,"isDisplayGlobal":true,"languageCode":true,"lastActive":true,"lastName":true,"mcPoints":true,"tgId":true,"totalPlayTime":true,"tweetVerifications":true,"tweetVerifiedToday":true,"updatedAt":true,"username":true},"require":{}}},"skipId":true},"$isNew":false,"_doc":{"__v":0,"_id":"682f0b3eb419b0e01f25b3c6","accessType":"free","createdAt":"2025-05-22T11:32:14.597Z","currentGlobalDayId":"683302bc93c751079b5611fe","currentProject":{},"dailyHighScores":[],"displayName":"abhishek0g","firstName":"Abhishek","freePlaysRemaining":10,"gameHistory":[],"highestScore":0,"invitees":[],"isDisplayGlobal":true,"languageCode":"en","lastActive":"2025-05-22T11:32:14.601Z","lastDailyReward":{},"lastName":"yadav","lastTweetVerification":{},"mcPoints":0,"tgId":"1570005528","totalPlayTime":0,"tweetVerifications":[],"tweetVerifiedToday":false,"updatedAt":"2025-05-25T11:45:00.619Z","username":"abhishek0g"},"level":"info","message":"Found existing user:","timestamp":"2025-05-25T17:44:11.312Z"}
{"level":"info","message":"Generating game URL for user:","timestamp":"2025-05-25T17:44:11.313Z"}
{"level":"info","message":"Generated game URL:","timestamp":"2025-05-25T17:44:11.315Z"}
{"level":"info","message":"Sending welcome message","timestamp":"2025-05-25T17:44:11.315Z"}
{"level":"info","message":"Welcome message sent successfully","timestamp":"2025-05-25T17:44:11.817Z"}
{"chat":{"first_name":"Abhishek","id":1570005528,"last_name":"yadav","type":"private","username":"abhishek0g"},"from":{"first_name":"Abhishek","id":1570005528,"is_bot":false,"language_code":"en","last_name":"yadav","username":"abhishek0g"},"level":"info","message":"Full context object: [object Object]","state":{},"timestamp":"2025-05-25T18:12:01.918Z","update":{"message":{"chat":{"first_name":"Abhishek","id":1570005528,"last_name":"yadav","type":"private","username":"abhishek0g"},"date":1748196721,"entities":[{"length":6,"offset":0,"type":"bot_command"}],"from":{"first_name":"Abhishek","id":1570005528,"is_bot":false,"language_code":"en","last_name":"yadav","username":"abhishek0g"},"message_id":57,"text":"/start"},"update_id":648448467},"updateType":"message"}
{"first_name":"Abhishek","id":1570005528,"is_bot":false,"language_code":"en","last_name":"yadav","level":"info","message":"Start command received from user:","timestamp":"2025-05-25T18:12:01.921Z","username":"abhishek0g"}
{"level":"info","message":"Looking for existing user with tgId:","timestamp":"2025-05-25T18:12:01.921Z"}
{"first_name":"Abhishek","last_name":"yadav","level":"info","message":"Creating new user:","timestamp":"2025-05-25T18:12:01.946Z","username":"abhishek0g"}
{"$__":{"$versionError":null,"activePaths":{"paths":{"displayName":"require","tgId":"require","username":"require"},"states":{"default":{},"modify":{},"require":{"displayName":true,"tgId":true,"username":true}}},"backup":{"activePaths":{"default":{"_id":true,"accessType":true,"createdAt":true,"dailyHighScores":true,"freePlaysRemaining":true,"gameHistory":true,"highestScore":true,"invitees":true,"isDisplayGlobal":true,"mcPoints":true,"totalPlayTime":true,"tweetVerifications":true,"tweetVerifiedToday":true},"modify":{"displayName":true,"firstName":true,"languageCode":true,"lastActive":true,"lastName":true,"tgId":true,"updatedAt":true,"username":true}},"validationError":null},"cachedRequired":{},"inserting":true,"op":null,"saveOptions":null,"savedState":{},"saving":null,"validating":null},"$isNew":false,"_doc":{"__v":0,"_id":"68335d71605a11efe6d1cdc4","accessType":"free","createdAt":"2025-05-25T18:12:01.950Z","currentProject":{},"dailyHighScores":[],"displayName":"abhishek0g","firstName":"Abhishek","freePlaysRemaining":10,"gameHistory":[],"highestScore":0,"invitees":[],"isDisplayGlobal":true,"languageCode":"en","lastActive":"2025-05-25T18:12:01.953Z","lastDailyReward":{},"lastName":"yadav","lastTweetVerification":{},"mcPoints":0,"tgId":"1570005528","totalPlayTime":0,"tweetVerifications":[],"tweetVerifiedToday":false,"updatedAt":"2025-05-25T18:12:01.950Z","username":"abhishek0g"},"level":"info","message":"New user created:","timestamp":"2025-05-25T18:12:01.988Z"}
{"level":"info","message":"Generating game URL for user:","timestamp":"2025-05-25T18:12:01.995Z"}
{"level":"info","message":"Generated game URL:","timestamp":"2025-05-25T18:12:01.996Z"}
{"level":"info","message":"Sending welcome message","timestamp":"2025-05-25T18:12:01.996Z"}
{"level":"info","message":"Welcome message sent successfully","timestamp":"2025-05-25T18:12:02.455Z"}
{"level":"info","message":"Connected to MongoDB","timestamp":"2025-05-27T13:39:46.758Z"}
{"level":"info","message":"Global day cron jobs initialized","timestamp":"2025-05-27T13:39:46.797Z"}
{"level":"info","message":"Starting Telegram bot with token:","timestamp":"2025-05-27T13:39:46.799Z"}
{"address":"::","code":"EADDRINUSE","errno":-48,"level":"error","message":"Server error: listen EADDRINUSE: address already in use :::3095","port":3095,"stack":"Error: listen EADDRINUSE: address already in use :::3095\n    at Server.setupListenHandle [as _listen2] (node:net:1908:16)\n    at listenInCluster (node:net:1965:12)\n    at Server.listen (node:net:2067:7)\n    at Function.listen (/Users/abhishek/Documents/sides/Telegram game/solpump/node_modules/express/lib/application.js:635:24)\n    at startServer (/Users/abhishek/Documents/sides/Telegram game/solpump/server.js:58:24)\n    at process.processTicksAndRejections (node:internal/process/task_queues:95:5)","syscall":"listen","timestamp":"2025-05-27T13:39:46.803Z"}
{"level":"info","message":"Bot commands initialized","timestamp":"2025-05-27T13:39:47.536Z"}
{"level":"info","message":"Bot handlers initialized","timestamp":"2025-05-27T13:39:47.536Z"}
{"can_connect_to_business":false,"can_join_groups":true,"can_read_all_group_messages":false,"first_name":"SolPump Game","has_main_web_app":false,"id":8143044450,"is_bot":true,"level":"info","message":"Bot info retrieved:","supports_inline_queries":false,"timestamp":"2025-05-27T13:39:47.735Z","username":"Solpump1_bot"}
{"level":"info","message":"Starting bot in polling mode","timestamp":"2025-05-27T13:39:47.737Z"}
{"level":"info","message":"Connected to MongoDB","timestamp":"2025-05-27T13:40:05.809Z"}
{"level":"info","message":"Global day cron jobs initialized","timestamp":"2025-05-27T13:40:05.829Z"}
{"level":"info","message":"Starting Telegram bot with token:","timestamp":"2025-05-27T13:40:05.830Z"}
{"level":"info","message":"Server running on port 3095","timestamp":"2025-05-27T13:40:05.834Z"}
{"level":"info","message":"Bot commands initialized","timestamp":"2025-05-27T13:40:06.557Z"}
{"level":"info","message":"Bot handlers initialized","timestamp":"2025-05-27T13:40:06.558Z"}
{"can_connect_to_business":false,"can_join_groups":true,"can_read_all_group_messages":false,"first_name":"SolPump Game","has_main_web_app":false,"id":8143044450,"is_bot":true,"level":"info","message":"Bot info retrieved:","supports_inline_queries":false,"timestamp":"2025-05-27T13:40:06.728Z","username":"Solpump1_bot"}
{"level":"info","message":"Starting bot in polling mode","timestamp":"2025-05-27T13:40:06.729Z"}
{"chat":{"first_name":"Abhishek","id":1570005528,"last_name":"yadav","type":"private","username":"abhishek0g"},"from":{"first_name":"Abhishek","id":1570005528,"is_bot":false,"language_code":"en","last_name":"yadav","username":"abhishek0g"},"level":"info","message":"Full context object: [object Object]","state":{},"timestamp":"2025-05-27T13:40:11.179Z","update":{"message":{"chat":{"first_name":"Abhishek","id":1570005528,"last_name":"yadav","type":"private","username":"abhishek0g"},"date":1748353211,"entities":[{"length":6,"offset":0,"type":"bot_command"}],"from":{"first_name":"Abhishek","id":1570005528,"is_bot":false,"language_code":"en","last_name":"yadav","username":"abhishek0g"},"message_id":59,"text":"/start"},"update_id":648448468},"updateType":"message"}
{"first_name":"Abhishek","id":1570005528,"is_bot":false,"language_code":"en","last_name":"yadav","level":"info","message":"Start command received from user:","timestamp":"2025-05-27T13:40:11.180Z","username":"abhishek0g"}
{"level":"info","message":"Looking for existing user with tgId:","timestamp":"2025-05-27T13:40:11.180Z"}
{"$__":{"activePaths":{"paths":{"__v":"init","_id":"init","accessType":"init","createdAt":"init","currentGlobalDayId":"init","dailyHighScores":"init","displayName":"init","firstName":"init","freePlaysRemaining":"init","gameHistory":"init","highestScore":"init","invitees":"init","isDisplayGlobal":"init","languageCode":"init","lastActive":"init","lastName":"init","mcPoints":"init","tgId":"init","totalPlayTime":"init","tweetVerifications":"init","tweetVerifiedToday":"init","updatedAt":"init","username":"init"},"states":{"default":{},"init":{"__v":true,"_id":true,"accessType":true,"createdAt":true,"currentGlobalDayId":true,"dailyHighScores":true,"displayName":true,"firstName":true,"freePlaysRemaining":true,"gameHistory":true,"highestScore":true,"invitees":true,"isDisplayGlobal":true,"languageCode":true,"lastActive":true,"lastName":true,"mcPoints":true,"tgId":true,"totalPlayTime":true,"tweetVerifications":true,"tweetVerifiedToday":true,"updatedAt":true,"username":true},"require":{}}},"skipId":true},"$isNew":false,"_doc":{"__v":0,"_id":"68335d71605a11efe6d1cdc4","accessType":"free","createdAt":"2025-05-25T18:12:01.950Z","currentGlobalDayId":"6835c0b0115d649cafcdfbde","currentProject":{},"dailyHighScores":[],"displayName":"abhishek0g","firstName":"Abhishek","freePlaysRemaining":10,"gameHistory":[],"highestScore":0,"invitees":[],"isDisplayGlobal":true,"languageCode":"en","lastActive":"2025-05-25T18:12:01.953Z","lastDailyReward":{},"lastName":"yadav","lastTweetVerification":{},"mcPoints":0,"tgId":"1570005528","totalPlayTime":0,"tweetVerifications":[],"tweetVerifiedToday":false,"updatedAt":"2025-05-27T13:40:01.010Z","username":"abhishek0g"},"level":"info","message":"Found existing user:","timestamp":"2025-05-27T13:40:11.225Z"}
{"level":"info","message":"Generating game URL for user:","timestamp":"2025-05-27T13:40:11.226Z"}
{"level":"info","message":"Generated game URL:","timestamp":"2025-05-27T13:40:11.228Z"}
{"level":"info","message":"Sending welcome message","timestamp":"2025-05-27T13:40:11.228Z"}
{"level":"info","message":"Welcome message sent successfully","timestamp":"2025-05-27T13:40:11.618Z"}
{"level":"info","message":"Connected to MongoDB","timestamp":"2025-05-27T13:41:22.501Z"}
{"level":"info","message":"Global day cron jobs initialized","timestamp":"2025-05-27T13:41:22.525Z"}
{"level":"info","message":"Starting Telegram bot with token:","timestamp":"2025-05-27T13:41:22.527Z"}
{"level":"info","message":"Server running on port 3095","timestamp":"2025-05-27T13:41:22.530Z"}
{"level":"info","message":"Bot commands initialized","timestamp":"2025-05-27T13:41:23.284Z"}
{"level":"info","message":"Bot handlers initialized","timestamp":"2025-05-27T13:41:23.286Z"}
{"can_connect_to_business":false,"can_join_groups":true,"can_read_all_group_messages":false,"first_name":"SolPump Game","has_main_web_app":false,"id":8143044450,"is_bot":true,"level":"info","message":"Bot info retrieved:","supports_inline_queries":false,"timestamp":"2025-05-27T13:41:23.460Z","username":"Solpump1_bot"}
{"level":"info","message":"Starting bot in polling mode","timestamp":"2025-05-27T13:41:23.461Z"}
{"level":"info","message":"Connected to MongoDB","timestamp":"2025-05-27T15:09:48.463Z"}
{"level":"info","message":"Global day cron jobs initialized","timestamp":"2025-05-27T15:09:48.480Z"}
{"level":"info","message":"Starting Telegram bot with token:","timestamp":"2025-05-27T15:09:48.480Z"}
{"level":"info","message":"Bot commands initialized","timestamp":"2025-05-27T15:09:49.804Z"}
{"level":"info","message":"Bot handlers initialized","timestamp":"2025-05-27T15:09:49.805Z"}
{"can_connect_to_business":false,"can_join_groups":true,"can_read_all_group_messages":false,"first_name":"SolPump Game","has_main_web_app":false,"id":8143044450,"is_bot":true,"level":"info","message":"Bot info retrieved:","supports_inline_queries":false,"timestamp":"2025-05-27T15:09:50.187Z","username":"Solpump1_bot"}
{"level":"info","message":"Starting bot in polling mode","timestamp":"2025-05-27T15:09:50.190Z"}
{"level":"error","message":"Error starting bot: 409: Conflict: terminated by other getUpdates request; make sure that only one bot instance is running","on":{"method":"getUpdates","payload":{"allowed_updates":[],"offset":0,"timeout":50}},"response":{"description":"Conflict: terminated by other getUpdates request; make sure that only one bot instance is running","error_code":409,"ok":false},"stack":"Error: 409: Conflict: terminated by other getUpdates request; make sure that only one bot instance is running\n    at Telegram.callApi (/Users/abhishek/Documents/sides/Telegram game/solpump/node_modules/telegraf/lib/core/network/client.js:315:19)\n    at process.processTicksAndRejections (node:internal/process/task_queues:95:5)\n    at async [Symbol.asyncIterator] (/Users/abhishek/Documents/sides/Telegram game/solpump/node_modules/telegraf/lib/core/network/polling.js:30:33)\n    at async Polling.loop (/Users/abhishek/Documents/sides/Telegram game/solpump/node_modules/telegraf/lib/core/network/polling.js:73:30)\n    at async Telegraf.launch (/Users/abhishek/Documents/sides/Telegram game/solpump/node_modules/telegraf/lib/telegraf.js:194:13)\n    at async Object.startBot (/Users/abhishek/Documents/sides/Telegram game/solpump/services/telegram.js:278:5)\n    at async startServer (/Users/abhishek/Documents/sides/Telegram game/solpump/server.js:71:5)","timestamp":"2025-05-27T15:09:51.434Z"}
{"level":"info","message":"Server running on port 3000","timestamp":"2025-05-27T15:10:51.085Z"}
{"level":"info","message":"Starting Telegram bot with token:","timestamp":"2025-05-27T15:10:51.087Z"}
{"level":"info","message":"Connected to MongoDB","timestamp":"2025-05-27T15:10:51.845Z"}
{"level":"info","message":"Global day cron jobs initialized","timestamp":"2025-05-27T15:10:51.860Z"}
{"level":"info","message":"Bot commands initialized","timestamp":"2025-05-27T15:10:52.265Z"}
{"level":"info","message":"Bot handlers initialized","timestamp":"2025-05-27T15:10:52.266Z"}
{"can_connect_to_business":false,"can_join_groups":true,"can_read_all_group_messages":false,"first_name":"SolPump Game","has_main_web_app":false,"id":8143044450,"is_bot":true,"level":"info","message":"Bot info retrieved:","supports_inline_queries":false,"timestamp":"2025-05-27T15:10:52.568Z","username":"Solpump1_bot"}
{"level":"info","message":"Starting bot in polling mode","timestamp":"2025-05-27T15:10:52.568Z"}
{"level":"error","message":"Error starting bot: 409: Conflict: terminated by other getUpdates request; make sure that only one bot instance is running","on":{"method":"getUpdates","payload":{"allowed_updates":[],"offset":0,"timeout":50}},"response":{"description":"Conflict: terminated by other getUpdates request; make sure that only one bot instance is running","error_code":409,"ok":false},"stack":"Error: 409: Conflict: terminated by other getUpdates request; make sure that only one bot instance is running\n    at Telegram.callApi (/Users/abhishek/Documents/sides/Telegram game/solpump/node_modules/telegraf/lib/core/network/client.js:315:19)\n    at process.processTicksAndRejections (node:internal/process/task_queues:95:5)\n    at async [Symbol.asyncIterator] (/Users/abhishek/Documents/sides/Telegram game/solpump/node_modules/telegraf/lib/core/network/polling.js:30:33)\n    at async Polling.loop (/Users/abhishek/Documents/sides/Telegram game/solpump/node_modules/telegraf/lib/core/network/polling.js:73:30)\n    at async Telegraf.launch (/Users/abhishek/Documents/sides/Telegram game/solpump/node_modules/telegraf/lib/telegraf.js:194:13)\n    at async Object.startBot (/Users/abhishek/Documents/sides/Telegram game/solpump/services/telegram.js:278:5)\n    at async startServer (/Users/abhishek/Documents/sides/Telegram game/solpump/server.js:52:5)","timestamp":"2025-05-27T15:10:53.487Z"}
{"level":"info","message":"Server running on port 3000","timestamp":"2025-05-27T15:11:24.537Z"}
{"level":"info","message":"Starting Telegram bot with token:","timestamp":"2025-05-27T15:11:24.540Z"}
{"level":"info","message":"Connected to MongoDB","timestamp":"2025-05-27T15:11:25.537Z"}
{"level":"info","message":"Global day cron jobs initialized","timestamp":"2025-05-27T15:11:25.565Z"}
{"level":"info","message":"Bot commands initialized","timestamp":"2025-05-27T15:11:25.751Z"}
{"level":"info","message":"Bot handlers initialized","timestamp":"2025-05-27T15:11:25.752Z"}
{"can_connect_to_business":false,"can_join_groups":true,"can_read_all_group_messages":false,"first_name":"SolPump Game","has_main_web_app":false,"id":8143044450,"is_bot":true,"level":"info","message":"Bot info retrieved:","supports_inline_queries":false,"timestamp":"2025-05-27T15:11:26.053Z","username":"Solpump1_bot"}
{"level":"info","message":"Starting bot in polling mode","timestamp":"2025-05-27T15:11:26.053Z"}
{"level":"info","message":"Server running on port 3000","timestamp":"2025-05-27T15:11:29.777Z"}
{"level":"info","message":"Starting Telegram bot with token:","timestamp":"2025-05-27T15:11:29.779Z"}
{"level":"info","message":"Connected to MongoDB","timestamp":"2025-05-27T15:11:30.450Z"}
{"level":"info","message":"Global day cron jobs initialized","timestamp":"2025-05-27T15:11:30.464Z"}
{"level":"info","message":"Bot commands initialized","timestamp":"2025-05-27T15:11:30.990Z"}
{"level":"info","message":"Bot handlers initialized","timestamp":"2025-05-27T15:11:30.990Z"}
{"level":"info","message":"Server running on port 3000","timestamp":"2025-05-27T15:11:36.837Z"}
{"level":"info","message":"Starting Telegram bot with token:","timestamp":"2025-05-27T15:11:36.839Z"}
{"level":"info","message":"Connected to MongoDB","timestamp":"2025-05-27T15:11:37.517Z"}
{"level":"info","message":"Global day cron jobs initialized","timestamp":"2025-05-27T15:11:37.535Z"}
{"level":"info","message":"Bot commands initialized","timestamp":"2025-05-27T15:11:37.788Z"}
{"level":"info","message":"Bot handlers initialized","timestamp":"2025-05-27T15:11:37.789Z"}
{"can_connect_to_business":false,"can_join_groups":true,"can_read_all_group_messages":false,"first_name":"SolPump Game","has_main_web_app":false,"id":8143044450,"is_bot":true,"level":"info","message":"Bot info retrieved:","supports_inline_queries":false,"timestamp":"2025-05-27T15:11:37.967Z","username":"Solpump1_bot"}
{"level":"info","message":"Starting bot in polling mode","timestamp":"2025-05-27T15:11:37.968Z"}
{"level":"info","message":"Connected to MongoDB","timestamp":"2025-05-27T15:12:01.170Z"}
{"level":"info","message":"Global day cron jobs initialized","timestamp":"2025-05-27T15:12:01.186Z"}
{"level":"info","message":"Starting Telegram bot with token:","timestamp":"2025-05-27T15:12:01.187Z"}
{"level":"info","message":"Server running on port 3095","timestamp":"2025-05-27T15:12:01.192Z"}
{"level":"info","message":"Bot commands initialized","timestamp":"2025-05-27T15:12:03.028Z"}
{"level":"info","message":"Bot handlers initialized","timestamp":"2025-05-27T15:12:03.029Z"}
{"can_connect_to_business":false,"can_join_groups":true,"can_read_all_group_messages":false,"first_name":"SolPump Game","has_main_web_app":false,"id":8143044450,"is_bot":true,"level":"info","message":"Bot info retrieved:","supports_inline_queries":false,"timestamp":"2025-05-27T15:12:03.432Z","username":"Solpump1_bot"}
{"level":"info","message":"Starting bot in polling mode","timestamp":"2025-05-27T15:12:03.433Z"}
{"chat":{"first_name":"Abhishek","id":1570005528,"last_name":"yadav","type":"private","username":"abhishek0g"},"from":{"first_name":"Abhishek","id":1570005528,"is_bot":false,"language_code":"en","last_name":"yadav","username":"abhishek0g"},"level":"info","message":"Full context object: [object Object]","state":{},"timestamp":"2025-05-27T15:13:08.356Z","update":{"message":{"chat":{"first_name":"Abhishek","id":1570005528,"last_name":"yadav","type":"private","username":"abhishek0g"},"date":1748358788,"entities":[{"length":6,"offset":0,"type":"bot_command"}],"from":{"first_name":"Abhishek","id":1570005528,"is_bot":false,"language_code":"en","last_name":"yadav","username":"abhishek0g"},"message_id":61,"text":"/start"},"update_id":648448469},"updateType":"message"}
{"first_name":"Abhishek","id":1570005528,"is_bot":false,"language_code":"en","last_name":"yadav","level":"info","message":"Start command received from user:","timestamp":"2025-05-27T15:13:08.359Z","username":"abhishek0g"}
{"level":"info","message":"Looking for existing user with tgId:","timestamp":"2025-05-27T15:13:08.359Z"}
{"$__":{"activePaths":{"paths":{"__v":"init","_id":"init","accessType":"init","createdAt":"init","currentGlobalDayId":"init","dailyHighScores":"init","displayName":"init","firstName":"init","freePlaysRemaining":"init","gameHistory":"init","highestScore":"init","invitees":"init","isDisplayGlobal":"init","languageCode":"init","lastActive":"init","lastName":"init","mcPoints":"init","tgId":"init","totalPlayTime":"init","tweetVerifications":"init","tweetVerifiedToday":"init","updatedAt":"init","username":"init"},"states":{"default":{},"init":{"__v":true,"_id":true,"accessType":true,"createdAt":true,"currentGlobalDayId":true,"dailyHighScores":true,"displayName":true,"firstName":true,"freePlaysRemaining":true,"gameHistory":true,"highestScore":true,"invitees":true,"isDisplayGlobal":true,"languageCode":true,"lastActive":true,"lastName":true,"mcPoints":true,"tgId":true,"totalPlayTime":true,"tweetVerifications":true,"tweetVerifiedToday":true,"updatedAt":true,"username":true},"require":{}}},"skipId":true},"$isNew":false,"_doc":{"__v":0,"_id":"68335d71605a11efe6d1cdc4","accessType":"free","createdAt":"2025-05-25T18:12:01.950Z","currentGlobalDayId":"6835c0b0115d649cafcdfbde","currentProject":{},"dailyHighScores":[],"displayName":"abhishek0g","firstName":"Abhishek","freePlaysRemaining":10,"gameHistory":[],"highestScore":0,"invitees":[],"isDisplayGlobal":true,"languageCode":"en","lastActive":"2025-05-25T18:12:01.953Z","lastDailyReward":{},"lastName":"yadav","lastTweetVerification":{},"mcPoints":0,"tgId":"1570005528","totalPlayTime":0,"tweetVerifications":[],"tweetVerifiedToday":false,"updatedAt":"2025-05-27T13:40:01.010Z","username":"abhishek0g"},"level":"info","message":"Found existing user:","timestamp":"2025-05-27T15:13:08.453Z"}
{"level":"info","message":"Generating game URL for user:","timestamp":"2025-05-27T15:13:08.454Z"}
{"level":"info","message":"Generated game URL:","timestamp":"2025-05-27T15:13:08.455Z"}
{"level":"info","message":"Sending welcome message","timestamp":"2025-05-27T15:13:08.455Z"}
{"level":"info","message":"Welcome message sent successfully","timestamp":"2025-05-27T15:13:08.966Z"}
